[debug] [2022-04-05T22:31:14.575Z] ----------------------------------------------------------------------
[debug] [2022-04-05T22:31:14.580Z] Command:       C:\Program Files\nodejs\node.exe C:\Users\Rambl\AppData\Roaming\npm\node_modules\firebase-tools\lib\bin\firebase.js init
[debug] [2022-04-05T22:31:14.581Z] CLI Version:   10.6.0
[debug] [2022-04-05T22:31:14.581Z] Platform:      win32
[debug] [2022-04-05T22:31:14.582Z] Node Version:  v16.13.1
[debug] [2022-04-05T22:31:14.584Z] Time:          Wed Apr 06 2022 04:31:14 GMT+0600 (Omsk Standard Time)
[debug] [2022-04-05T22:31:14.584Z] ----------------------------------------------------------------------
[debug] 
[debug] [2022-04-05T22:31:14.590Z] >>> [apiv2][query] GET https://firebase-public.firebaseio.com/cli.json [none]
[debug] [2022-04-05T22:31:14.627Z] > command requires scopes: ["email","openid","https://www.googleapis.com/auth/cloudplatformprojects.readonly","https://www.googleapis.com/auth/firebase","https://www.googleapis.com/auth/cloud-platform"]
[debug] [2022-04-05T22:31:14.627Z] > authorizing via signed-in user (rambling.ctg@gmail.com)
[info] 
     ######## #### ########  ######## ########     ###     ######  ########
     ##        ##  ##     ## ##       ##     ##  ##   ##  ##       ##
     ######    ##  ########  ######   ########  #########  ######  ######
     ##        ##  ##    ##  ##       ##     ## ##     ##       ## ##
     ##       #### ##     ## ######## ########  ##     ##  ######  ########

You're about to initialize a Firebase project in this directory:

  E:\projects\the-meals-route

[debug] [2022-04-05T22:31:15.750Z] <<< [apiv2][status] GET https://firebase-public.firebaseio.com/cli.json 200
[debug] [2022-04-05T22:31:15.750Z] <<< [apiv2][body] GET https://firebase-public.firebaseio.com/cli.json {"cloudBuildErrorAfter":1594252800000,"cloudBuildWarnAfter":1590019200000,"defaultNode10After":1594252800000,"minVersion":"3.0.5","node8DeploysDisabledAfter":1613390400000,"node8RuntimeDisabledAfter":1615809600000,"node8WarnAfter":1600128000000}
[debug] [2022-04-05T22:58:43.669Z] Error: kill ENOSYS
    at process.kill (node:internal/process/per_thread:215:13)
    at process.listener (C:\Users\Rambl\AppData\Roaming\npm\node_modules\firebase-tools\node_modules\signal-exit\index.js:95:15)
    at process.emit (node:events:390:28)
[error] 
[error] Error: An unexpected error has occurred.
